0 info it worked if it ends with ok
1 verbose cli [ '/usr/local/bin/node', '/usr/local/bin/npm', 'install' ]
2 info using npm@3.10.10
3 info using node@v6.11.0
4 silly loadCurrentTree Starting
5 silly install loadCurrentTree
6 silly install readLocalPackageData
7 silly install normalizeTree
8 silly loadCurrentTree Finishing
9 silly loadIdealTree Starting
10 silly install loadIdealTree
11 silly cloneCurrentTree Starting
12 silly install cloneCurrentTreeToIdealTree
13 silly cloneCurrentTree Finishing
14 silly loadShrinkwrap Starting
15 silly install loadShrinkwrap
16 silly loadShrinkwrap Finishing
17 silly loadAllDepsIntoIdealTree Starting
18 silly install loadAllDepsIntoIdealTree
19 silly fetchNamedPackageData react-redux
20 silly mapToRegistry name react-redux
21 silly mapToRegistry using default registry
22 silly mapToRegistry registry https://registry.npmjs.org/
23 silly mapToRegistry data Result {
23 silly mapToRegistry   raw: 'react-redux',
23 silly mapToRegistry   scope: null,
23 silly mapToRegistry   escapedName: 'react-redux',
23 silly mapToRegistry   name: 'react-redux',
23 silly mapToRegistry   rawSpec: '',
23 silly mapToRegistry   spec: 'latest',
23 silly mapToRegistry   type: 'tag' }
24 silly mapToRegistry uri https://registry.npmjs.org/react-redux
25 verbose request uri https://registry.npmjs.org/react-redux
26 verbose request no auth needed
27 info attempt registry request try #1 at 12:54:01 PM
28 verbose request id cc837e6307f07c0e
29 verbose etag W/"5954cf65-2d8da"
30 verbose lastModified Thu, 29 Jun 2017 09:59:01 GMT
31 http request GET https://registry.npmjs.org/react-redux
32 http 304 https://registry.npmjs.org/react-redux
33 verbose headers { date: 'Sat, 08 Jul 2017 02:54:01 GMT',
33 verbose headers   via: '1.1 varnish',
33 verbose headers   'cache-control': 'max-age=300',
33 verbose headers   etag: 'W/"5954cf65-2d8da"',
33 verbose headers   age: '0',
33 verbose headers   connection: 'keep-alive',
33 verbose headers   'x-served-by': 'cache-syd1626-SYD',
33 verbose headers   'x-cache': 'HIT',
33 verbose headers   'x-cache-hits': '1',
33 verbose headers   'x-timer': 'S1499482442.719070,VS0,VE2',
33 verbose headers   vary: 'Accept-Encoding, Accept' }
34 silly get cb [ 304,
34 silly get   { date: 'Sat, 08 Jul 2017 02:54:01 GMT',
34 silly get     via: '1.1 varnish',
34 silly get     'cache-control': 'max-age=300',
34 silly get     etag: 'W/"5954cf65-2d8da"',
34 silly get     age: '0',
34 silly get     connection: 'keep-alive',
34 silly get     'x-served-by': 'cache-syd1626-SYD',
34 silly get     'x-cache': 'HIT',
34 silly get     'x-cache-hits': '1',
34 silly get     'x-timer': 'S1499482442.719070,VS0,VE2',
34 silly get     vary: 'Accept-Encoding, Accept' } ]
35 verbose etag https://registry.npmjs.org/react-redux from cache
36 verbose get saving react-redux to /Users/mia/.npm/registry.npmjs.org/react-redux/.cache.json
37 verbose correctMkdir /Users/mia/.npm correctMkdir not in flight; initializing
38 silly fetchNamedPackageData No valid target from cache, forcing network
39 verbose request uri https://registry.npmjs.org/react-redux
40 verbose request no auth needed
41 info attempt registry request try #1 at 12:54:01 PM
42 http request GET https://registry.npmjs.org/react-redux
43 http 200 https://registry.npmjs.org/react-redux
44 verbose headers { server: 'nginx/1.10.3',
44 verbose headers   'content-type': 'application/json',
44 verbose headers   'last-modified': 'Thu, 29 Jun 2017 09:59:01 GMT',
44 verbose headers   etag: 'W/"5954cf65-2d8da"',
44 verbose headers   'content-encoding': 'gzip',
44 verbose headers   'cache-control': 'max-age=300',
44 verbose headers   'content-length': '12574',
44 verbose headers   'accept-ranges': 'bytes',
44 verbose headers   date: 'Sat, 08 Jul 2017 02:54:01 GMT',
44 verbose headers   via: '1.1 varnish',
44 verbose headers   age: '0',
44 verbose headers   connection: 'keep-alive',
44 verbose headers   'x-served-by': 'cache-syd1626-SYD',
44 verbose headers   'x-cache': 'HIT',
44 verbose headers   'x-cache-hits': '2',
44 verbose headers   'x-timer': 'S1499482442.767010,VS0,VE0',
44 verbose headers   vary: 'Accept-Encoding, Accept' }
45 silly get cb [ 200,
45 silly get   { server: 'nginx/1.10.3',
45 silly get     'content-type': 'application/json',
45 silly get     'last-modified': 'Thu, 29 Jun 2017 09:59:01 GMT',
45 silly get     etag: 'W/"5954cf65-2d8da"',
45 silly get     'content-encoding': 'gzip',
45 silly get     'cache-control': 'max-age=300',
45 silly get     'content-length': '12574',
45 silly get     'accept-ranges': 'bytes',
45 silly get     date: 'Sat, 08 Jul 2017 02:54:01 GMT',
45 silly get     via: '1.1 varnish',
45 silly get     age: '0',
45 silly get     connection: 'keep-alive',
45 silly get     'x-served-by': 'cache-syd1626-SYD',
45 silly get     'x-cache': 'HIT',
45 silly get     'x-cache-hits': '2',
45 silly get     'x-timer': 'S1499482442.767010,VS0,VE0',
45 silly get     vary: 'Accept-Encoding, Accept' } ]
46 verbose get saving react-redux to /Users/mia/.npm/registry.npmjs.org/react-redux/.cache.json
47 verbose correctMkdir /Users/mia/.npm correctMkdir not in flight; initializing
48 silly fetchPackageMetaData Error: No compatible version found: react-redux@2.2.2
48 silly fetchPackageMetaData Valid install targets:
48 silly fetchPackageMetaData 5.0.5, 5.0.4, 5.0.3, 5.0.2, 5.0.1, 5.0.0, 5.0.0-rc.2, 5.0.0-rc.1, 5.0.0-beta.3, 5.0.0-beta.2, 5.0.0-beta.1, 5.0.0-alpha.1, 4.4.8, 4.4.7, 4.4.6, 4.4.5, 4.4.4, 4.4.3, 4.4.2, 4.4.1, 4.4.0, 4.3.0, 4.2.1, 4.2.0, 4.1.2, 4.1.1, 4.1.0, 4.0.6, 4.0.5, 4.0.4, 4.0.3, 4.0.2, 4.0.1, 4.0.0, 3.1.2, 3.1.1, 3.1.0, 3.0.1, 3.0.0, 3.0.0-alpha, 2.1.2, 2.1.1, 2.1.0, 2.0.0, 1.0.1, 1.0.0, 1.0.0-alpha, 0.9.0, 0.8.2, 0.8.1, 0.8.0, 0.7.0, 0.6.0, 0.5.3, 0.5.2, 0.5.1, 0.5.0, 0.4.0, 0.3.0, 0.2.2, 0.2.1, 0.2.0, 0.1.0
48 silly fetchPackageMetaData
48 silly fetchPackageMetaData     at pickVersionFromRegistryDocument (/usr/local/lib/node_modules/npm/lib/fetch-package-metadata.js:178:16)
48 silly fetchPackageMetaData     at /usr/local/lib/node_modules/npm/node_modules/iferr/index.js:13:50
48 silly fetchPackageMetaData     at /usr/local/lib/node_modules/npm/lib/utils/pulse-till-done.js:20:8
48 silly fetchPackageMetaData     at saved (/usr/local/lib/node_modules/npm/lib/cache/caching-client.js:174:7)
48 silly fetchPackageMetaData     at /usr/local/lib/node_modules/npm/node_modules/graceful-fs/polyfills.js:241:18
48 silly fetchPackageMetaData     at FSReqWrap.oncomplete (fs.js:123:15)
48 silly fetchPackageMetaData  error for react-redux@2.2.2 { Error: No compatible version found: react-redux@2.2.2
48 silly fetchPackageMetaData Valid install targets:
48 silly fetchPackageMetaData 5.0.5, 5.0.4, 5.0.3, 5.0.2, 5.0.1, 5.0.0, 5.0.0-rc.2, 5.0.0-rc.1, 5.0.0-beta.3, 5.0.0-beta.2, 5.0.0-beta.1, 5.0.0-alpha.1, 4.4.8, 4.4.7, 4.4.6, 4.4.5, 4.4.4, 4.4.3, 4.4.2, 4.4.1, 4.4.0, 4.3.0, 4.2.1, 4.2.0, 4.1.2, 4.1.1, 4.1.0, 4.0.6, 4.0.5, 4.0.4, 4.0.3, 4.0.2, 4.0.1, 4.0.0, 3.1.2, 3.1.1, 3.1.0, 3.0.1, 3.0.0, 3.0.0-alpha, 2.1.2, 2.1.1, 2.1.0, 2.0.0, 1.0.1, 1.0.0, 1.0.0-alpha, 0.9.0, 0.8.2, 0.8.1, 0.8.0, 0.7.0, 0.6.0, 0.5.3, 0.5.2, 0.5.1, 0.5.0, 0.4.0, 0.3.0, 0.2.2, 0.2.1, 0.2.0, 0.1.0
48 silly fetchPackageMetaData
48 silly fetchPackageMetaData     at pickVersionFromRegistryDocument (/usr/local/lib/node_modules/npm/lib/fetch-package-metadata.js:178:16)
48 silly fetchPackageMetaData     at /usr/local/lib/node_modules/npm/node_modules/iferr/index.js:13:50
48 silly fetchPackageMetaData     at /usr/local/lib/node_modules/npm/lib/utils/pulse-till-done.js:20:8
48 silly fetchPackageMetaData     at saved (/usr/local/lib/node_modules/npm/lib/cache/caching-client.js:174:7)
48 silly fetchPackageMetaData     at /usr/local/lib/node_modules/npm/node_modules/graceful-fs/polyfills.js:241:18
48 silly fetchPackageMetaData     at FSReqWrap.oncomplete (fs.js:123:15) code: 'ETARGET' }
49 silly rollbackFailedOptional Starting
50 silly rollbackFailedOptional Finishing
51 silly runTopLevelLifecycles Finishing
52 silly install printInstalled
53 verbose stack Error: No compatible version found: react-redux@2.2.2
53 verbose stack Valid install targets:
53 verbose stack 5.0.5, 5.0.4, 5.0.3, 5.0.2, 5.0.1, 5.0.0, 5.0.0-rc.2, 5.0.0-rc.1, 5.0.0-beta.3, 5.0.0-beta.2, 5.0.0-beta.1, 5.0.0-alpha.1, 4.4.8, 4.4.7, 4.4.6, 4.4.5, 4.4.4, 4.4.3, 4.4.2, 4.4.1, 4.4.0, 4.3.0, 4.2.1, 4.2.0, 4.1.2, 4.1.1, 4.1.0, 4.0.6, 4.0.5, 4.0.4, 4.0.3, 4.0.2, 4.0.1, 4.0.0, 3.1.2, 3.1.1, 3.1.0, 3.0.1, 3.0.0, 3.0.0-alpha, 2.1.2, 2.1.1, 2.1.0, 2.0.0, 1.0.1, 1.0.0, 1.0.0-alpha, 0.9.0, 0.8.2, 0.8.1, 0.8.0, 0.7.0, 0.6.0, 0.5.3, 0.5.2, 0.5.1, 0.5.0, 0.4.0, 0.3.0, 0.2.2, 0.2.1, 0.2.0, 0.1.0
53 verbose stack
53 verbose stack     at pickVersionFromRegistryDocument (/usr/local/lib/node_modules/npm/lib/fetch-package-metadata.js:178:16)
53 verbose stack     at /usr/local/lib/node_modules/npm/node_modules/iferr/index.js:13:50
53 verbose stack     at /usr/local/lib/node_modules/npm/lib/utils/pulse-till-done.js:20:8
53 verbose stack     at saved (/usr/local/lib/node_modules/npm/lib/cache/caching-client.js:174:7)
53 verbose stack     at /usr/local/lib/node_modules/npm/node_modules/graceful-fs/polyfills.js:241:18
53 verbose stack     at FSReqWrap.oncomplete (fs.js:123:15)
54 verbose cwd /Users/mia/dev/junior-dev-jobs
55 error Darwin 16.6.0
56 error argv "/usr/local/bin/node" "/usr/local/bin/npm" "install"
57 error node v6.11.0
58 error npm  v3.10.10
59 error code ETARGET
60 error notarget No compatible version found: react-redux@2.2.2
60 error notarget Valid install targets:
60 error notarget 5.0.5, 5.0.4, 5.0.3, 5.0.2, 5.0.1, 5.0.0, 5.0.0-rc.2, 5.0.0-rc.1, 5.0.0-beta.3, 5.0.0-beta.2, 5.0.0-beta.1, 5.0.0-alpha.1, 4.4.8, 4.4.7, 4.4.6, 4.4.5, 4.4.4, 4.4.3, 4.4.2, 4.4.1, 4.4.0, 4.3.0, 4.2.1, 4.2.0, 4.1.2, 4.1.1, 4.1.0, 4.0.6, 4.0.5, 4.0.4, 4.0.3, 4.0.2, 4.0.1, 4.0.0, 3.1.2, 3.1.1, 3.1.0, 3.0.1, 3.0.0, 3.0.0-alpha, 2.1.2, 2.1.1, 2.1.0, 2.0.0, 1.0.1, 1.0.0, 1.0.0-alpha, 0.9.0, 0.8.2, 0.8.1, 0.8.0, 0.7.0, 0.6.0, 0.5.3, 0.5.2, 0.5.1, 0.5.0, 0.4.0, 0.3.0, 0.2.2, 0.2.1, 0.2.0, 0.1.0
61 error notarget This is most likely not a problem with npm itself.
61 error notarget In most cases you or one of your dependencies are requesting
61 error notarget a package version that doesn't exist.
61 error notarget
61 error notarget It was specified as a dependency of 'juniordev_jobs'
62 verbose exit [ 1, true ]
